Release 14.7 - xst P.20131013 (nt64)
Copyright (c) 1995-2013 Xilinx, Inc.  All rights reserved.
--> Parameter TMPDIR set to xst/projnav.tmp


Total REAL time to Xst completion: 0.00 secs
Total CPU time to Xst completion: 0.13 secs
 
--> Parameter xsthdpdir set to xst


Total REAL time to Xst completion: 0.00 secs
Total CPU time to Xst completion: 0.14 secs
 
--> Reading design: RFCorrelator.prj

TABLE OF CONTENTS
  1) Synthesis Options Summary
  2) HDL Parsing
  3) HDL Elaboration
  4) HDL Synthesis
       4.1) HDL Synthesis Report
  5) Advanced HDL Synthesis
       5.1) Advanced HDL Synthesis Report
  6) Low Level Synthesis
  7) Partition Report
  8) Design Summary
       8.1) Primitive and Black Box Usage
       8.2) Device utilization summary
       8.3) Partition Resource Summary
       8.4) Timing Report
            8.4.1) Clock Information
            8.4.2) Asynchronous Control Signals Information
            8.4.3) Timing Summary
            8.4.4) Timing Details
            8.4.5) Cross Clock Domains Report


=========================================================================
*                      Synthesis Options Summary                        *
=========================================================================
---- Source Parameters
Input File Name                    : "RFCorrelator.prj"
Ignore Synthesis Constraint File   : NO

---- Target Parameters
Output File Name                   : "RFCorrelator"
Output Format                      : NGC
Target Device                      : xc6slx16-3-csg324

---- Source Options
Top Module Name                    : RFCorrelator
Automatic FSM Extraction           : YES
FSM Encoding Algorithm             : Auto
Safe Implementation                : No
FSM Style                          : LUT
RAM Extraction                     : Yes
RAM Style                          : Auto
ROM Extraction                     : Yes
Shift Register Extraction          : YES
ROM Style                          : Auto
Resource Sharing                   : YES
Asynchronous To Synchronous        : NO
Shift Register Minimum Size        : 2
Use DSP Block                      : Auto
Automatic Register Balancing       : No

---- Target Options
LUT Combining                      : Auto
Reduce Control Sets                : Auto
Add IO Buffers                     : YES
Global Maximum Fanout              : 100000
Add Generic Clock Buffer(BUFG)     : 16
Register Duplication               : YES
Optimize Instantiated Primitives   : NO
Use Clock Enable                   : Auto
Use Synchronous Set                : Auto
Use Synchronous Reset              : Auto
Pack IO Registers into IOBs        : Auto
Equivalent register Removal        : YES

---- General Options
Optimization Goal                  : Speed
Optimization Effort                : 1
Power Reduction                    : NO
Keep Hierarchy                     : No
Netlist Hierarchy                  : As_Optimized
RTL Output                         : Yes
Global Optimization                : AllClockNets
Read Cores                         : YES
Write Timing Constraints           : NO
Cross Clock Analysis               : NO
Hierarchy Separator                : /
Bus Delimiter                      : <>
Case Specifier                     : Maintain
Slice Utilization Ratio            : 100
BRAM Utilization Ratio             : 100
DSP48 Utilization Ratio            : 100
Auto BRAM Packing                  : NO
Slice Utilization Ratio Delta      : 5

=========================================================================


=========================================================================
*                          HDL Parsing                                  *
=========================================================================
Analyzing Verilog file "E:\rasool\IUT\t4\FPGA\HWs\HW4\HW4_project\Q2_1.v" into library work
Parsing module <Correlation_32>.
Analyzing Verilog file "E:\rasool\IUT\t4\FPGA\HWs\HW4\HW4_project\Q2_2.v" into library work
Parsing module <RFCorrelator>.

=========================================================================
*                            HDL Elaboration                            *
=========================================================================

Elaborating module <RFCorrelator>.
WARNING:HDLCompiler:413 - "E:\rasool\IUT\t4\FPGA\HWs\HW4\HW4_project\Q2_2.v" Line 18: Result of 6-bit expression is truncated to fit in 5-bit target.

Elaborating module <Correlation_32>.
WARNING:HDLCompiler:413 - "E:\rasool\IUT\t4\FPGA\HWs\HW4\HW4_project\Q2_1.v" Line 51: Result of 5-bit expression is truncated to fit in 4-bit target.

=========================================================================
*                           HDL Synthesis                               *
=========================================================================

Synthesizing Unit <RFCorrelator>.
    Related source file is "E:\rasool\IUT\t4\FPGA\HWs\HW4\HW4_project\Q2_2.v".
    Found 5-bit register for signal <counter>.
    Found 4-bit register for signal <Out_str>.
    Found 31-bit register for signal <serial_to_parallel<30:0>>.
    Found 5-bit adder for signal <counter[4]_GND_1_o_add_0_OUT> created at line 18.
    Summary:
	inferred   1 Adder/Subtractor(s).
	inferred  40 D-type flip-flop(s).
Unit <RFCorrelator> synthesized.

Synthesizing Unit <Correlation_32>.
    Related source file is "E:\rasool\IUT\t4\FPGA\HWs\HW4\HW4_project\Q2_1.v".
    Found 4-bit register for signal <Out_4>.
    Found 2-bit adder for signal <n2174[1:0]> created at line 64.
    Found 3-bit adder for signal <n2177[2:0]> created at line 64.
    Found 4-bit adder for signal <n2180[3:0]> created at line 64.
    Found 5-bit adder for signal <n2183[4:0]> created at line 64.
    Found 6-bit adder for signal <_n3692> created at line 64.
    Found 6-bit adder for signal <_n3693> created at line 64.
    Found 6-bit adder for signal <_n3694> created at line 64.
    Found 6-bit adder for signal <_n3695> created at line 64.
    Found 6-bit adder for signal <_n3696> created at line 64.
    Found 6-bit adder for signal <_n3697> created at line 64.
    Found 6-bit adder for signal <_n3698> created at line 64.
    Found 6-bit adder for signal <_n3699> created at line 64.
    Found 6-bit adder for signal <_n3700> created at line 64.
    Found 6-bit adder for signal <_n3701> created at line 64.
    Found 6-bit adder for signal <_n3702> created at line 64.
    Found 6-bit adder for signal <_n3703> created at line 64.
    Found 6-bit adder for signal <_n3704> created at line 64.
    Found 6-bit adder for signal <_n3705> created at line 64.
    Found 6-bit adder for signal <_n3706> created at line 64.
    Found 6-bit adder for signal <_n3707> created at line 64.
    Found 6-bit adder for signal <_n3708> created at line 64.
    Found 6-bit adder for signal <_n3709> created at line 64.
    Found 6-bit adder for signal <_n3710> created at line 64.
    Found 6-bit adder for signal <_n3711> created at line 64.
    Found 6-bit adder for signal <_n3712> created at line 64.
    Found 6-bit adder for signal <_n3713> created at line 64.
    Found 6-bit adder for signal <_n3714> created at line 64.
    Found 6-bit adder for signal <_n3715> created at line 64.
    Found 6-bit adder for signal <_n3716> created at line 64.
    Found 6-bit adder for signal <_n3717> created at line 64.
    Found 6-bit adder for signal <BUS_0165_GND_2_o_add_62_OUT> created at line 64.
    Found 6-bit comparator lessequal for signal <n1008> created at line 49
    Found 6-bit comparator lessequal for signal <n1012> created at line 49
    Found 6-bit comparator lessequal for signal <n1016> created at line 49
    Found 6-bit comparator lessequal for signal <n1020> created at line 49
    Found 6-bit comparator lessequal for signal <n1024> created at line 49
    Found 6-bit comparator lessequal for signal <n1028> created at line 49
    Found 6-bit comparator lessequal for signal <n1032> created at line 49
    Found 6-bit comparator lessequal for signal <n1036> created at line 49
    Found 6-bit comparator lessequal for signal <n1040> created at line 49
    Found 6-bit comparator lessequal for signal <n1044> created at line 49
    Found 6-bit comparator lessequal for signal <n1048> created at line 49
    Found 6-bit comparator lessequal for signal <n1052> created at line 49
    Found 6-bit comparator lessequal for signal <n1056> created at line 49
    Found 6-bit comparator lessequal for signal <n1060> created at line 49
    Found 6-bit comparator lessequal for signal <n1064> created at line 49
    Summary:
	inferred  31 Adder/Subtractor(s).
	inferred   4 D-type flip-flop(s).
	inferred  15 Comparator(s).
	inferred  14 Multiplexer(s).
Unit <Correlation_32> synthesized.

=========================================================================
HDL Synthesis Report

Macro Statistics
# Adders/Subtractors                                   : 32
 2-bit adder                                           : 1
 3-bit adder                                           : 1
 4-bit adder                                           : 1
 5-bit adder                                           : 2
 6-bit adder                                           : 27
# Registers                                            : 4
 31-bit register                                       : 1
 4-bit register                                        : 2
 5-bit register                                        : 1
# Comparators                                          : 15
 6-bit comparator lessequal                            : 15
# Multiplexers                                         : 14
 4-bit 2-to-1 multiplexer                              : 14

=========================================================================

=========================================================================
*                       Advanced HDL Synthesis                          *
=========================================================================


Synthesizing (advanced) Unit <Correlation_32>.
	The following adders/subtractors are grouped into adder tree <Madd_BUS_0165_GND_2_o_add_62_OUT_Madd1> :
 	<Madd__n3693> in block <Correlation_32>, 	<Madd__n3694_Madd> in block <Correlation_32>, 	<Madd__n3698> in block <Correlation_32>, 	<Madd__n3699_Madd> in block <Correlation_32>, 	<Madd__n3695> in block <Correlation_32>, 	<Madd__n3700_Madd> in block <Correlation_32>, 	<Madd__n3703> in block <Correlation_32>, 	<Madd__n3704_Madd> in block <Correlation_32>, 	<Madd__n3706> in block <Correlation_32>, 	<Madd__n3707_Madd> in block <Correlation_32>, 	<Madd__n3710> in block <Correlation_32>, 	<Madd__n3711_Madd> in block <Correlation_32>, 	<Madd__n3713> in block <Correlation_32>, 	<Madd__n3714_Madd> in block <Correlation_32>, 	<Madd_n2174[1:0]> in block <Correlation_32>, 	<Madd_n2180[3:0]_Madd> in block <Correlation_32>, 	<Madd_BUS_0165_GND_2_o_add_62_OUT_Madd> in block <Correlation_32>.
	The following adders/subtractors are grouped into adder tree <Madd__n37171> :
 	<Madd__n3701> in block <Correlation_32>, 	<Madd__n3708> in block <Correlation_32>, 	<Madd__n3715> in block <Correlation_32>.
Unit <Correlation_32> synthesized (advanced).

Synthesizing (advanced) Unit <RFCorrelator>.
The following registers are absorbed into counter <counter>: 1 register on signal <counter>.
Unit <RFCorrelator> synthesized (advanced).

=========================================================================
Advanced HDL Synthesis Report

Macro Statistics
# Adder Trees                                          : 1
 6-bit / 23-inputs adder tree                          : 1
# Counters                                             : 1
 5-bit up counter                                      : 1
# Registers                                            : 39
 Flip-Flops                                            : 39
# Comparators                                          : 15
 6-bit comparator lessequal                            : 15
# Multiplexers                                         : 14
 4-bit 2-to-1 multiplexer                              : 14

=========================================================================

=========================================================================
*                         Low Level Synthesis                           *
=========================================================================
WARNING:Xst:1710 - FF/Latch <Out_4_1> (without init value) has a constant value of 0 in block <Correlation_32>. This FF/Latch will be trimmed during the optimization process.
WARNING:Xst:1895 - Due to other FF/Latch trimming, FF/Latch <Out_4_2> (without init value) has a constant value of 0 in block <Correlation_32>. This FF/Latch will be trimmed during the optimization process.
WARNING:Xst:1895 - Due to other FF/Latch trimming, FF/Latch <Out_4_3> (without init value) has a constant value of 0 in block <Correlation_32>. This FF/Latch will be trimmed during the optimization process.

Optimizing unit <RFCorrelator> ...

Optimizing unit <Correlation_32> ...
WARNING:Xst:1710 - FF/Latch <Out_str_1> (without init value) has a constant value of 0 in block <RFCorrelator>. This FF/Latch will be trimmed during the optimization process.
WARNING:Xst:1895 - Due to other FF/Latch trimming, FF/Latch <Out_str_2> (without init value) has a constant value of 0 in block <RFCorrelator>. This FF/Latch will be trimmed during the optimization process.
WARNING:Xst:1895 - Due to other FF/Latch trimming, FF/Latch <Out_str_3> (without init value) has a constant value of 0 in block <RFCorrelator>. This FF/Latch will be trimmed during the optimization process.

Mapping all equations...
Building and optimizing final netlist ...
Found area constraint ratio of 100 (+ 5) on block RFCorrelator, actual ratio is 1.

Final Macro Processing ...

=========================================================================
Final Register Report

Macro Statistics
# Registers                                            : 38
 Flip-Flops                                            : 38

=========================================================================

=========================================================================
*                           Partition Report                            *
=========================================================================

Partition Implementation Status
-------------------------------

  No Partitions were found in this design.

-------------------------------

=========================================================================
*                            Design Summary                             *
=========================================================================

Top Level Output File Name         : RFCorrelator.ngc

Primitive and Black Box Usage:
------------------------------
# BELS                             : 76
#      GND                         : 1
#      INV                         : 1
#      LUT2                        : 4
#      LUT3                        : 10
#      LUT4                        : 7
#      LUT5                        : 19
#      LUT6                        : 30
#      MUXF7                       : 4
# FlipFlops/Latches                : 38
#      FDC                         : 38
# Clock Buffers                    : 1
#      BUFGP                       : 1
# IO Buffers                       : 6
#      IBUF                        : 2
#      OBUF                        : 4

Device utilization summary:
---------------------------

Selected Device : 6slx16csg324-3 


Slice Logic Utilization: 
 Number of Slice Registers:              38  out of  18224     0%  
 Number of Slice LUTs:                   71  out of   9112     0%  
    Number used as Logic:                71  out of   9112     0%  

Slice Logic Distribution: 
 Number of LUT Flip Flop pairs used:    102
   Number with an unused Flip Flop:      64  out of    102    62%  
   Number with an unused LUT:            31  out of    102    30%  
   Number of fully used LUT-FF pairs:     7  out of    102     6%  
   Number of unique control sets:         1

IO Utilization: 
 Number of IOs:                           7
 Number of bonded IOBs:                   7  out of    232     3%  

Specific Feature Utilization:
 Number of BUFG/BUFGCTRLs:                1  out of     16     6%  

---------------------------
Partition Resource Summary:
---------------------------

  No Partitions were found in this design.

---------------------------


=========================================================================
Timing Report

NOTE: THESE TIMING NUMBERS ARE ONLY A SYNTHESIS ESTIMATE.
      FOR ACCURATE TIMING INFORMATION PLEASE REFER TO THE TRACE REPORT
      GENERATED AFTER PLACE-and-ROUTE.

Clock Information:
------------------
-----------------------------------+------------------------+-------+
Clock Signal                       | Clock buffer(FF name)  | Load  |
-----------------------------------+------------------------+-------+
Clock                              | BUFGP                  | 38    |
-----------------------------------+------------------------+-------+

Asynchronous Control Signals Information:
----------------------------------------
No asynchronous control signals found in this design

Timing Summary:
---------------
Speed Grade: -3

   Minimum period: 6.227ns (Maximum Frequency: 160.578MHz)
   Minimum input arrival time before clock: 6.347ns
   Maximum output required time after clock: 3.634ns
   Maximum combinational path delay: No path found

Timing Details:
---------------
All values displayed in nanoseconds (ns)

=========================================================================
Timing constraint: Default period analysis for Clock 'Clock'
  Clock period: 6.227ns (frequency: 160.578MHz)
  Total number of paths / destination ports: 888 / 37
-------------------------------------------------------------------------
Delay:               6.227ns (Levels of Logic = 6)
  Source:            serial_to_parallel_13 (FF)
  Destination:       corr_32/Out_4_0 (FF)
  Source Clock:      Clock rising
  Destination Clock: Clock rising

  Data Path: serial_to_parallel_13 to corr_32/Out_4_0
                                Gate     Net
    Cell:in->out      fanout   Delay   Delay  Logical Name (Net Name)
    ----------------------------------------  ------------
     FDC:C->Q              9   0.447   1.077  serial_to_parallel_13 (serial_to_parallel_13)
     LUT4:I0->O            4   0.203   0.684  corr_32/ADDERTREE_INTERNAL_Madd8_lut<0>1 (corr_32/ADDERTREE_INTERNAL_Madd8_lut<0>)
     LUT6:I5->O            3   0.205   0.651  corr_32/ADDERTREE_INTERNAL_Madd9_xor<0>11 (corr_32/ADDERTREE_INTERNAL_Madd_09)
     LUT6:I5->O            3   0.205   0.879  corr_32/ADDERTREE_INTERNAL_Madd10_lut<0>121_SW0 (N7)
     LUT6:I3->O            1   0.205   0.580  corr_32/PWR_2_o_GND_2_o_mux_1052_OUT<0>_inv4_SW2_SW2 (N60)
     LUT5:I4->O            1   0.205   0.580  corr_32/PWR_2_o_GND_2_o_mux_1052_OUT<0>_inv4_SW2 (N15)
     LUT6:I5->O            1   0.205   0.000  corr_32/PWR_2_o_GND_2_o_mux_1052_OUT<0>_inv4 (corr_32/PWR_2_o_GND_2_o_mux_1052_OUT<0>)
     FDC:D                     0.102          corr_32/Out_4_0
    ----------------------------------------
    Total                      6.227ns (1.777ns logic, 4.450ns route)
                                       (28.5% logic, 71.5% route)

=========================================================================
Timing constraint: Default OFFSET IN BEFORE for Clock 'Clock'
  Total number of paths / destination ports: 55 / 40
-------------------------------------------------------------------------
Offset:              6.347ns (Levels of Logic = 6)
  Source:            Bit_stream (PAD)
  Destination:       corr_32/Out_4_0 (FF)
  Destination Clock: Clock rising

  Data Path: Bit_stream to corr_32/Out_4_0
                                Gate     Net
    Cell:in->out      fanout   Delay   Delay  Logical Name (Net Name)
    ----------------------------------------  ------------
     IBUF:I->O             4   1.222   1.028  Bit_stream_IBUF (Bit_stream_IBUF)
     LUT5:I0->O            2   0.203   0.617  corr_32/ADDERTREE_INTERNAL_Madd19_lut<0>1 (corr_32/ADDERTREE_INTERNAL_Madd19_lut<0>)
     LUT5:I4->O            4   0.205   0.683  corr_32/ADDERTREE_INTERNAL_Madd202 (corr_32/ADDERTREE_INTERNAL_Madd20)
     MUXF7:S->O            1   0.148   0.924  corr_32/ADDERTREE_INTERNAL_Madd10_xor<0>31_SW0_SW0 (N51)
     LUT6:I1->O            1   0.203   0.808  corr_32/ADDERTREE_INTERNAL_Madd21_lut<2>1 (corr_32/ADDERTREE_INTERNAL_Madd21_lut<2>)
     LUT6:I3->O            1   0.205   0.000  corr_32/PWR_2_o_GND_2_o_mux_1052_OUT<0>_inv4 (corr_32/PWR_2_o_GND_2_o_mux_1052_OUT<0>)
     FDC:D                     0.102          corr_32/Out_4_0
    ----------------------------------------
    Total                      6.347ns (2.288ns logic, 4.059ns route)
                                       (36.0% logic, 64.0% route)

=========================================================================
Timing constraint: Default OFFSET OUT AFTER for Clock 'Clock'
  Total number of paths / destination ports: 1 / 1
-------------------------------------------------------------------------
Offset:              3.634ns (Levels of Logic = 1)
  Source:            Out_str_0 (FF)
  Destination:       Out_str<0> (PAD)
  Source Clock:      Clock rising

  Data Path: Out_str_0 to Out_str<0>
                                Gate     Net
    Cell:in->out      fanout   Delay   Delay  Logical Name (Net Name)
    ----------------------------------------  ------------
     FDC:C->Q              2   0.447   0.616  Out_str_0 (Out_str_0)
     OBUF:I->O                 2.571          Out_str_0_OBUF (Out_str<0>)
    ----------------------------------------
    Total                      3.634ns (3.018ns logic, 0.616ns route)
                                       (83.0% logic, 17.0% route)

=========================================================================

Cross Clock Domains Report:
--------------------------

Clock to Setup on destination clock Clock
---------------+---------+---------+---------+---------+
               | Src:Rise| Src:Fall| Src:Rise| Src:Fall|
Source Clock   |Dest:Rise|Dest:Rise|Dest:Fall|Dest:Fall|
---------------+---------+---------+---------+---------+
Clock          |    6.227|         |         |         |
---------------+---------+---------+---------+---------+

=========================================================================


Total REAL time to Xst completion: 8.00 secs
Total CPU time to Xst completion: 8.76 secs
 
--> 

Total memory usage is 4502036 kilobytes

Number of errors   :    0 (   0 filtered)
Number of warnings :    8 (   0 filtered)
Number of infos    :    0 (   0 filtered)

