Release 14.7 - xst P.20131013 (nt64)
Copyright (c) 1995-2013 Xilinx, Inc.  All rights reserved.
--> Parameter TMPDIR set to xst/projnav.tmp


Total REAL time to Xst completion: 1.00 secs
Total CPU time to Xst completion: 0.16 secs
 
--> Parameter xsthdpdir set to xst


Total REAL time to Xst completion: 1.00 secs
Total CPU time to Xst completion: 0.16 secs
 
--> Reading design: sequence_detector.prj

TABLE OF CONTENTS
  1) Synthesis Options Summary
  2) HDL Parsing
  3) HDL Elaboration
  4) HDL Synthesis
       4.1) HDL Synthesis Report
  5) Advanced HDL Synthesis
       5.1) Advanced HDL Synthesis Report
  6) Low Level Synthesis
  7) Partition Report
  8) Design Summary
       8.1) Primitive and Black Box Usage
       8.2) Device utilization summary
       8.3) Partition Resource Summary
       8.4) Timing Report
            8.4.1) Clock Information
            8.4.2) Asynchronous Control Signals Information
            8.4.3) Timing Summary
            8.4.4) Timing Details
            8.4.5) Cross Clock Domains Report


=========================================================================
*                      Synthesis Options Summary                        *
=========================================================================
---- Source Parameters
Input File Name                    : "sequence_detector.prj"
Ignore Synthesis Constraint File   : NO

---- Target Parameters
Output File Name                   : "sequence_detector"
Output Format                      : NGC
Target Device                      : xc6slx16-3-csg324

---- Source Options
Top Module Name                    : sequence_detector
Automatic FSM Extraction           : YES
FSM Encoding Algorithm             : Auto
Safe Implementation                : No
FSM Style                          : LUT
RAM Extraction                     : Yes
RAM Style                          : Auto
ROM Extraction                     : Yes
Shift Register Extraction          : YES
ROM Style                          : Auto
Resource Sharing                   : YES
Asynchronous To Synchronous        : NO
Shift Register Minimum Size        : 2
Use DSP Block                      : Auto
Automatic Register Balancing       : No

---- Target Options
LUT Combining                      : Auto
Reduce Control Sets                : Auto
Add IO Buffers                     : YES
Global Maximum Fanout              : 100000
Add Generic Clock Buffer(BUFG)     : 16
Register Duplication               : YES
Optimize Instantiated Primitives   : NO
Use Clock Enable                   : Auto
Use Synchronous Set                : Auto
Use Synchronous Reset              : Auto
Pack IO Registers into IOBs        : Auto
Equivalent register Removal        : YES

---- General Options
Optimization Goal                  : Speed
Optimization Effort                : 1
Power Reduction                    : NO
Keep Hierarchy                     : No
Netlist Hierarchy                  : As_Optimized
RTL Output                         : Yes
Global Optimization                : AllClockNets
Read Cores                         : YES
Write Timing Constraints           : NO
Cross Clock Analysis               : NO
Hierarchy Separator                : /
Bus Delimiter                      : <>
Case Specifier                     : Maintain
Slice Utilization Ratio            : 100
BRAM Utilization Ratio             : 100
DSP48 Utilization Ratio            : 100
Auto BRAM Packing                  : NO
Slice Utilization Ratio Delta      : 5

=========================================================================


=========================================================================
*                          HDL Parsing                                  *
=========================================================================
Analyzing Verilog file "E:\rasool\IUT\t4\FPGA\HWs\HW2\Project\Q3.v" into library work
Parsing module <sequence_detector>.

=========================================================================
*                            HDL Elaboration                            *
=========================================================================

Elaborating module <sequence_detector>.
WARNING:HDLCompiler:413 - "E:\rasool\IUT\t4\FPGA\HWs\HW2\Project\Q3.v" Line 26: Result of 17-bit expression is truncated to fit in 16-bit target.
WARNING:HDLCompiler:413 - "E:\rasool\IUT\t4\FPGA\HWs\HW2\Project\Q3.v" Line 31: Result of 17-bit expression is truncated to fit in 16-bit target.
WARNING:HDLCompiler:413 - "E:\rasool\IUT\t4\FPGA\HWs\HW2\Project\Q3.v" Line 36: Result of 17-bit expression is truncated to fit in 16-bit target.
WARNING:HDLCompiler:413 - "E:\rasool\IUT\t4\FPGA\HWs\HW2\Project\Q3.v" Line 41: Result of 17-bit expression is truncated to fit in 16-bit target.
WARNING:HDLCompiler:413 - "E:\rasool\IUT\t4\FPGA\HWs\HW2\Project\Q3.v" Line 45: Result of 5-bit expression is truncated to fit in 4-bit target.

=========================================================================
*                           HDL Synthesis                               *
=========================================================================

Synthesizing Unit <sequence_detector>.
    Related source file is "E:\rasool\IUT\t4\FPGA\HWs\HW2\Project\Q3.v".
    Found 1-bit register for signal <seq_detected>.
    Found 4-bit register for signal <counter>.
    Found 16-bit register for signal <seq_count>.
    Found 2-bit register for signal <lfs_temp>.
    Found 4-bit register for signal <seq<3:0>>.
    Found 16-bit adder for signal <seq_count[15]_GND_1_o_add_12_OUT> created at line 41.
    Found 4-bit adder for signal <counter[3]_GND_1_o_add_16_OUT> created at line 45.
    Found 1-bit 4-to-1 multiplexer for signal <lookfor_seq[1]_seq[3]_Mux_14_o> created at line 22.
    Found 16-bit 4-to-1 multiplexer for signal <lookfor_seq[1]_seq_count[15]_wide_mux_15_OUT> created at line 22.
    Found 4-bit comparator greater for signal <n0001> created at line 21
    Found 2-bit comparator equal for signal <n0021> created at line 48
    Summary:
	inferred   2 Adder/Subtractor(s).
	inferred  27 D-type flip-flop(s).
	inferred   2 Comparator(s).
	inferred   6 Multiplexer(s).
Unit <sequence_detector> synthesized.

=========================================================================
HDL Synthesis Report

Macro Statistics
# Adders/Subtractors                                   : 2
 16-bit adder                                          : 1
 4-bit adder                                           : 1
# Registers                                            : 5
 1-bit register                                        : 1
 16-bit register                                       : 1
 2-bit register                                        : 1
 4-bit register                                        : 2
# Comparators                                          : 2
 2-bit comparator equal                                : 1
 4-bit comparator greater                              : 1
# Multiplexers                                         : 6
 1-bit 4-to-1 multiplexer                              : 1
 16-bit 2-to-1 multiplexer                             : 4
 16-bit 4-to-1 multiplexer                             : 1

=========================================================================

=========================================================================
*                       Advanced HDL Synthesis                          *
=========================================================================


Synthesizing (advanced) Unit <sequence_detector>.
The following registers are absorbed into counter <counter>: 1 register on signal <counter>.
Unit <sequence_detector> synthesized (advanced).

=========================================================================
Advanced HDL Synthesis Report

Macro Statistics
# Adders/Subtractors                                   : 1
 16-bit adder                                          : 1
# Counters                                             : 1
 4-bit up counter                                      : 1
# Registers                                            : 23
 Flip-Flops                                            : 23
# Comparators                                          : 2
 2-bit comparator equal                                : 1
 4-bit comparator greater                              : 1
# Multiplexers                                         : 6
 1-bit 4-to-1 multiplexer                              : 1
 16-bit 2-to-1 multiplexer                             : 4
 16-bit 4-to-1 multiplexer                             : 1

=========================================================================

=========================================================================
*                         Low Level Synthesis                           *
=========================================================================

Optimizing unit <sequence_detector> ...

Mapping all equations...
Building and optimizing final netlist ...
Found area constraint ratio of 100 (+ 5) on block sequence_detector, actual ratio is 0.

Final Macro Processing ...

=========================================================================
Final Register Report

Macro Statistics
# Registers                                            : 27
 Flip-Flops                                            : 27

=========================================================================

=========================================================================
*                           Partition Report                            *
=========================================================================

Partition Implementation Status
-------------------------------

  No Partitions were found in this design.

-------------------------------

=========================================================================
*                            Design Summary                             *
=========================================================================

Top Level Output File Name         : sequence_detector.ngc

Primitive and Black Box Usage:
------------------------------
# BELS                             : 77
#      GND                         : 1
#      INV                         : 3
#      LUT1                        : 15
#      LUT2                        : 2
#      LUT3                        : 18
#      LUT4                        : 2
#      LUT5                        : 1
#      LUT6                        : 2
#      MUXCY                       : 15
#      MUXF7                       : 1
#      VCC                         : 1
#      XORCY                       : 16
# FlipFlops/Latches                : 27
#      FD_1                        : 7
#      FDRE                        : 4
#      FDRE_1                      : 16
# Clock Buffers                    : 1
#      BUFGP                       : 1
# IO Buffers                       : 21
#      IBUF                        : 4
#      OBUF                        : 17

Device utilization summary:
---------------------------

Selected Device : 6slx16csg324-3 


Slice Logic Utilization: 
 Number of Slice Registers:              27  out of  18224     0%  
 Number of Slice LUTs:                   43  out of   9112     0%  
    Number used as Logic:                43  out of   9112     0%  

Slice Logic Distribution: 
 Number of LUT Flip Flop pairs used:     46
   Number with an unused Flip Flop:      19  out of     46    41%  
   Number with an unused LUT:             3  out of     46     6%  
   Number of fully used LUT-FF pairs:    24  out of     46    52%  
   Number of unique control sets:         3

IO Utilization: 
 Number of IOs:                          22
 Number of bonded IOBs:                  22  out of    232     9%  

Specific Feature Utilization:
 Number of BUFG/BUFGCTRLs:                1  out of     16     6%  

---------------------------
Partition Resource Summary:
---------------------------

  No Partitions were found in this design.

---------------------------


=========================================================================
Timing Report

NOTE: THESE TIMING NUMBERS ARE ONLY A SYNTHESIS ESTIMATE.
      FOR ACCURATE TIMING INFORMATION PLEASE REFER TO THE TRACE REPORT
      GENERATED AFTER PLACE-and-ROUTE.

Clock Information:
------------------
-----------------------------------+------------------------+-------+
Clock Signal                       | Clock buffer(FF name)  | Load  |
-----------------------------------+------------------------+-------+
clk                                | BUFGP                  | 27    |
-----------------------------------+------------------------+-------+

Asynchronous Control Signals Information:
----------------------------------------
No asynchronous control signals found in this design

Timing Summary:
---------------
Speed Grade: -3

   Minimum period: 3.120ns (Maximum Frequency: 320.508MHz)
   Minimum input arrival time before clock: 3.886ns
   Maximum output required time after clock: 3.668ns
   Maximum combinational path delay: No path found

Timing Details:
---------------
All values displayed in nanoseconds (ns)

=========================================================================
Timing constraint: Default period analysis for Clock 'clk'
  Clock period: 3.120ns (frequency: 320.508MHz)
  Total number of paths / destination ports: 358 / 60
-------------------------------------------------------------------------
Delay:               3.120ns (Levels of Logic = 3)
  Source:            seq_2 (FF)
  Destination:       seq_count_0 (FF)
  Source Clock:      clk falling
  Destination Clock: clk falling

  Data Path: seq_2 to seq_count_0
                                Gate     Net
    Cell:in->out      fanout   Delay   Delay  Logical Name (Net Name)
    ----------------------------------------  ------------
     FD_1:C->Q             3   0.447   0.995  seq_2 (seq_2)
     LUT6:I1->O            1   0.203   0.000  Mmux_lookfor_seq[1]_seq[3]_Mux_14_o1_G (N8)
     MUXF7:I1->O          17   0.140   1.028  Mmux_lookfor_seq[1]_seq[3]_Mux_14_o1 (lookfor_seq[1]_seq[3]_Mux_14_o)
     LUT3:I2->O            1   0.205   0.000  Mmux_lookfor_seq[1]_seq_count[15]_wide_mux_15_OUT17 (lookfor_seq[1]_seq_count[15]_wide_mux_15_OUT<0>)
     FDRE_1:D                  0.102          seq_count_0
    ----------------------------------------
    Total                      3.120ns (1.097ns logic, 2.023ns route)
                                       (35.2% logic, 64.8% route)

=========================================================================
Timing constraint: Default OFFSET IN BEFORE for Clock 'clk'
  Total number of paths / destination ports: 174 / 56
-------------------------------------------------------------------------
Offset:              3.886ns (Levels of Logic = 2)
  Source:            lookfor_seq<1> (PAD)
  Destination:       seq_count_0 (FF)
  Destination Clock: clk falling

  Data Path: lookfor_seq<1> to seq_count_0
                                Gate     Net
    Cell:in->out      fanout   Delay   Delay  Logical Name (Net Name)
    ----------------------------------------  ------------
     IBUF:I->O             4   1.222   1.028  lookfor_seq_1_IBUF (lookfor_seq_1_IBUF)
     LUT5:I0->O           16   0.203   1.004  Reset_OR_DriverANDClockEnable1 (Reset_OR_DriverANDClockEnable)
     FDRE_1:R                  0.430          seq_count_0
    ----------------------------------------
    Total                      3.886ns (1.855ns logic, 2.031ns route)
                                       (47.7% logic, 52.3% route)

=========================================================================
Timing constraint: Default OFFSET OUT AFTER for Clock 'clk'
  Total number of paths / destination ports: 17 / 17
-------------------------------------------------------------------------
Offset:              3.668ns (Levels of Logic = 1)
  Source:            seq_count_15 (FF)
  Destination:       seq_count<15> (PAD)
  Source Clock:      clk falling

  Data Path: seq_count_15 to seq_count<15>
                                Gate     Net
    Cell:in->out      fanout   Delay   Delay  Logical Name (Net Name)
    ----------------------------------------  ------------
     FDRE_1:C->Q           3   0.447   0.650  seq_count_15 (seq_count_15)
     OBUF:I->O                 2.571          seq_count_15_OBUF (seq_count<15>)
    ----------------------------------------
    Total                      3.668ns (3.018ns logic, 0.650ns route)
                                       (82.3% logic, 17.7% route)

=========================================================================

Cross Clock Domains Report:
--------------------------

Clock to Setup on destination clock clk
---------------+---------+---------+---------+---------+
               | Src:Rise| Src:Fall| Src:Rise| Src:Fall|
Source Clock   |Dest:Rise|Dest:Rise|Dest:Fall|Dest:Fall|
---------------+---------+---------+---------+---------+
clk            |         |         |    3.120|         |
---------------+---------+---------+---------+---------+

=========================================================================


Total REAL time to Xst completion: 8.00 secs
Total CPU time to Xst completion: 7.82 secs
 
--> 

Total memory usage is 4485848 kilobytes

Number of errors   :    0 (   0 filtered)
Number of warnings :    5 (   0 filtered)
Number of infos    :    0 (   0 filtered)

